Sun Jul 9 21:10:46 CST 2017 file number: 36, line number: 8554
Mon Jul 10 00:00:03 CST 2017 file number: 43, line number: 9467
Mon Jul 10 01:23:00 CST 2017 file number: 46, line number: 10010
Tue Jul 11 00:00:04 CST 2017 file number: 96, line number: 18633
Wed Jul 12 00:00:31 CST 2017 file number: 149, line number: 28923
Thu Jul 13 00:00:06 CST 2017 file number: 173, line number: 36042
Thu Jul 13 23:11:33 CST 2017 file number: 178, line number: 39839
Fri Jul 14 00:00:04 CST 2017 file number: 178, line number: 40004
Fri Jul 14 10:44:21 CST 2017 file number: 179, line number: 42453
Fri Jul 14 21:44:14 CST 2017 file number: 187, line number: 44479
Sat Jul 15 00:00:05 CST 2017 file number: 192, line number: 44893
Sun Jul 16 00:00:08 CST 2017 file number: 193, line number: 49729
Sun Jul 16 01:45:57 CST 2017 file number: 193, line number: 50090
Sun Jul 16 01:46:24 CST 2017 file number: 193, line number: 50092
Sun Jul 16 15:44:51 CST 2017 file number: 195, line number: 52493
Mon Jul 17 00:00:03 CST 2017 file number: 203, line number: 53632
Tue Jul 18 00:00:36 CST 2017 file number: 224, line number: 58723
Tue Jul 18 18:29:36 CST 2017 file number: 232, line number: 64667
Wed Jul 19 00:00:08 CST 2017 file number: 235, line number: 65969
Wed Jul 19 20:43:43 CST 2017 file number: 238, line number: 72349
Thu Jul 20 00:00:06 CST 2017 file number: 239, line number: 73075
Thu Jul 20 10:51:02 CST 2017 file number: 239, line number: 75932
Fri Jul 21 00:00:04 CST 2017 file number: 247, line number: 78862
Fri Jul 21 09:31:18 CST 2017 file number: 262, line number: 80670
Fri Jul 21 09:32:10 CST 2017 file number: 262, line number: 80671
Sat Jul 22 00:00:48 CST 2017 file number: 266, line number: 84675
Sun Jul 23 00:00:49 CST 2017 file number: 286, line number: 90437
Mon Jul 24 00:01:26 CST 2017 file number: 305, line number: 97598
Mon Jul 24 00:05:13 CST 2017 file number: 305, line number: 97617
Tue Jul 25 00:01:31 CST 2017 file number: 318, line number: 105524
Wed Jul 26 00:01:33 CST 2017 file number: 328, line number: 111294
Thu Jul 27 00:01:43 CST 2017 file number: 345, line number: 118387
Fri Jul 28 00:01:44 CST 2017 file number: 345, line number: 118817
Sat Jul 29 00:01:47 CST 2017 file number: 345, line number: 118817
